<?xml version="1.0" encoding="UTF-8"?>
<!-- Generated by org.testng.reporters.JUnitReportReporter -->
<testsuite skipped="0" hostname="HP-PC" name="com.TestCase.AdminTestClass" tests="1" failures="0" timestamp="19 Aug 2020 09:45:44 GMT" time="31.014" errors="0">
  <testcase name="admintab" time="31.014" classname="com.TestCase.AdminTestClass"/>
</testsuite> <!-- com.TestCase.AdminTestClass -->
