<?xml version="1.0" encoding="UTF-8"?>
<!-- Generated by org.testng.reporters.JUnitReportReporter -->
<testsuite skipped="0" hostname="HP-PC" name="com.TestCase.LoginTestCase" tests="1" failures="0" timestamp="19 Aug 2020 14:42:07 GMT" time="28.742" errors="0">
  <testcase name="OrangehrmLogin" time="28.742" classname="com.TestCase.LoginTestCase"/>
</testsuite> <!-- com.TestCase.LoginTestCase -->
